>>> BUNI: copy-mode active (no hard/symlinks, TMP=/root/.bun/tmp)
bun install v1.3.0 (b0a6feca)
EPERM: Operation not permitted: failed to link package: strip-ansi@6.0.1 (link)
EPERM: Operation not permitted: failed to link package: chokidar@3.6.0 (link)
EPERM: Operation not permitted: failed to link package: lodash.memoize@4.1.2 (link)
EPERM: Operation not permitted: failed to link package: @typescript-eslint/parser@7.18.0 (link)
EPERM: Operation not permitted: failed to link package: @jest/core@29.7.0 (link)
EPERM: Operation not permitted: failed to link package: ts-jest@29.4.5 (link)
EPERM: Operation not permitted: failed to link package: lodash.merge@4.6.2 (link)
EPERM: Operation not permitted: failed to link package: json-stable-stringify-without-jsonify@1.0.1 (link)
EPERM: Operation not permitted: failed to link package: levn@0.4.1 (link)
EPERM: Operation not permitted: failed to link package: pretty-format@29.7.0 (link)
EPERM: Operation not permitted: failed to link package: optionator@0.9.4 (link)
EPERM: Operation not permitted: failed to link package: is-path-inside@3.0.3 (link)
EPERM: Operation not permitted: failed to link package: json5@2.2.3 (link)
EPERM: Operation not permitted: failed to link package: fast-deep-equal@3.1.3 (link)
EPERM: Operation not permitted: failed to link package: glob-parent@6.0.2 (link)
EPERM: Operation not permitted: failed to link package: make-error@1.3.6 (link)
EPERM: Operation not permitted: failed to link package: is-glob@4.0.3 (link)
EPERM: Operation not permitted: failed to link package: escape-string-regexp@4.0.0 (link)
EPERM: Operation not permitted: failed to link package: natural-compare@1.4.0 (link)
EPERM: Operation not permitted: failed to link package: jest-cli@29.7.0 (link)
EPERM: Operation not permitted: failed to link package: ts-api-utils@1.4.3 (link)
EPERM: Operation not permitted: failed to link package: text-table@0.2.0 (link)
EPERM: Operation not permitted: failed to link package: fast-json-stable-stringify@2.1.0 (link)
EPERM: Operation not permitted: failed to link package: semver@7.7.3 (link)
EPERM: Operation not permitted: failed to link package: is-binary-path@2.1.0 (link)
EPERM: Operation not permitted: failed to link package: glob-parent@5.1.2 (link)
EPERM: Operation not permitted: failed to link package: braces@3.0.3 (link)
EPERM: Operation not permitted: failed to link package: ws@8.18.3 (link)
EPERM: Operation not permitted: failed to link package: normalize-path@3.0.0 (link)
EPERM: Operation not permitted: failed to link package: expect@29.7.0 (link)
EPERM: Operation not permitted: failed to link package: jest-get-type@29.6.3 (link)
EPERM: Operation not permitted: failed to link package: readdirp@3.6.0 (link)
EPERM: Operation not permitted: failed to link package: jest-message-util@29.7.0 (link)
EPERM: Operation not permitted: failed to link package: @jest/expect-utils@29.7.0 (link)
EPERM: Operation not permitted: failed to link package: cross-spawn@7.0.6 (link)
EPERM: Operation not permitted: failed to link package: @nodelib/fs.walk@1.2.8 (link)
EPERM: Operation not permitted: failed to link package: jest-util@29.7.0 (link)
EPERM: Operation not permitted: failed to link package: ansi-styles@5.2.0 (link)
EPERM: Operation not permitted: failed to link package: react-is@18.3.1 (link)
EPERM: Operation not permitted: failed to link package: globby@11.1.0 (link)
EPERM: Operation not permitted: failed to link package: @jest/schemas@29.6.3 (link)
EPERM: Operation not permitted: failed to link package: js-yaml@4.1.0 (link)
EPERM: Operation not permitted: failed to link package: ms@2.1.3 (link)
EPERM: Operation not permitted: failed to link package: minimatch@9.0.5 (link)
EPERM: Operation not permitted: failed to link package: import-fresh@3.3.1 (link)
EPERM: Operation not permitted: failed to link package: @typescript-eslint/visitor-keys@7.18.0 (link)
EPERM: Operation not permitted: failed to link package: fastq@1.19.1 (link)
EPERM: Operation not permitted: failed to link package: @humanwhocodes/object-schema@2.0.3 (link)
EPERM: Operation not permitted: failed to link package: strip-json-comments@3.1.1 (link)
EPERM: Operation not permitted: failed to link package: @nodelib/fs.scandir@2.1.5 (link)
EPERM: Operation not permitted: failed to link package: ansi-styles@4.3.0 (link)
EPERM: Operation not permitted: failed to link package: supports-color@7.2.0 (link)
EPERM: Operation not permitted: failed to link package: import-local@3.2.0 (link)
EPERM: Operation not permitted: failed to link package: path-key@3.1.1 (link)
EPERM: Operation not permitted: failed to link package: shebang-command@2.0.0 (link)
EPERM: Operation not permitted: failed to link package: esutils@2.0.3 (link)
EPERM: Operation not permitted: failed to link package: which@2.0.2 (link)
EPERM: Operation not permitted: failed to link package: esrecurse@4.3.0 (link)
EPERM: Operation not permitted: failed to link package: chalk@4.1.2 (link)
EPERM: Operation not permitted: failed to link package: locate-path@6.0.0 (link)
EPERM: Operation not permitted: failed to link package: is-extglob@2.1.1 (link)
EPERM: Operation not permitted: failed to link package: eslint-visitor-keys@3.4.3 (link)
EPERM: Operation not permitted: failed to link package: type-check@0.4.0 (link)
EPERM: Operation not permitted: failed to link package: prelude-ls@1.2.1 (link)
EPERM: Operation not permitted: failed to link package: argparse@2.0.1 (link)
EPERM: Operation not permitted: failed to link package: brace-expansion@1.1.12 (link)
EPERM: Operation not permitted: failed to link package: deep-is@0.1.4 (link)
EPERM: Operation not permitted: failed to link package: fast-levenshtein@2.0.6 (link)
EPERM: Operation not permitted: failed to link package: ansi-regex@5.0.1 (link)
EPERM: Operation not permitted: failed to link package: @jest/console@29.7.0 (link)
EPERM: Operation not permitted: failed to link package: @jest/reporters@29.7.0 (link)
EPERM: Operation not permitted: failed to link package: @jest/test-result@29.7.0 (link)
EPERM: Operation not permitted: failed to link package: bs-logger@0.2.6 (link)
EPERM: Operation not permitted: failed to link package: ansi-escapes@4.3.2 (link)
EPERM: Operation not permitted: failed to link package: ci-info@3.9.0 (link)
EPERM: Operation not permitted: failed to link package: jest-changed-files@29.7.0 (link)
EPERM: Operation not permitted: failed to link package: graceful-fs@4.2.11 (link)
EPERM: Operation not permitted: failed to link package: jest-regex-util@29.6.3 (link)
EPERM: Operation not permitted: failed to link package: @typescript-eslint/typescript-estree@7.18.0 (link)
EPERM: Operation not permitted: failed to link package: jest-runner@29.7.0 (link)
EPERM: Operation not permitted: failed to link package: jest-runtime@29.7.0 (link)
EPERM: Operation not permitted: failed to link package: jest-resolve@29.7.0 (link)
EPERM: Operation not permitted: failed to link package: jest-resolve-dependencies@29.7.0 (link)
EPERM: Operation not permitted: failed to link package: jest-snapshot@29.7.0 (link)
EPERM: Operation not permitted: failed to link package: jest-watcher@29.7.0 (link)
EPERM: Operation not permitted: failed to link package: micromatch@4.0.8 (link)
EPERM: Operation not permitted: failed to link package: jest@29.7.0 (link)
EPERM: Operation not permitted: failed to link package: word-wrap@1.2.5 (link)
EPERM: Operation not permitted: failed to link package: jest-validate@29.7.0 (link)
EPERM: Operation not permitted: failed to link package: @types/istanbul-reports@3.0.4 (link)
EPERM: Operation not permitted: failed to link package: @types/istanbul-lib-coverage@2.0.6 (link)
EPERM: Operation not permitted: failed to link package: @types/jest@29.5.14 (link)
EPERM: Operation not permitted: failed to link package: @jest/types@29.6.3 (link)
EPERM: Operation not permitted: failed to link package: @types/yargs@17.0.33 (link)
EPERM: Operation not permitted: failed to link package: @typescript-eslint/types@7.18.0 (link)
EPERM: Operation not permitted: failed to link package: pkg-dir@4.2.0 (link)
EPERM: Operation not permitted: failed to link package: resolve-cwd@3.0.0 (link)
EPERM: Operation not permitted: failed to link package: @ungap/structured-clone@1.3.0 (link)
EPERM: Operation not permitted: failed to link package: acorn@8.15.0 (link)
EPERM: Operation not permitted: failed to link package: uri-js@4.4.1 (link)
EPERM: Operation not permitted: failed to link package: eslint-scope@7.2.2 (link)
EPERM: Operation not permitted: failed to link package: minimist@1.2.8 (link)
EPERM: Operation not permitted: failed to link package: picomatch@2.3.1 (link)
EPERM: Operation not permitted: failed to link package: stack-utils@2.0.6 (link)
EPERM: Operation not permitted: failed to link package: @babel/code-frame@7.27.1 (link)
EPERM: Operation not permitted: failed to link package: binary-extensions@2.3.0 (link)
EPERM: Operation not permitted: failed to link package: @types/stack-utils@2.0.3 (link)
EPERM: Operation not permitted: failed to link package: merge2@1.4.1 (link)
EPERM: Operation not permitted: failed to link package: dir-glob@3.0.1 (link)
EPERM: Operation not permitted: failed to link package: array-union@2.1.0 (link)
EPERM: Operation not permitted: failed to link package: globals@13.24.0 (link)
EPERM: Operation not permitted: failed to link package: brace-expansion@2.0.2 (link)
EPERM: Operation not permitted: failed to link package: yargs-parser@21.1.1 (link)
EPERM: Operation not permitted: failed to link package: @sinclair/typebox@0.27.8 (link)
EPERM: Operation not permitted: failed to link package: parent-module@1.0.1 (link)
EPERM: Operation not permitted: failed to link package: resolve-from@4.0.0 (link)
EPERM: Operation not permitted: failed to link package: run-parallel@1.2.0 (link)
EPERM: Operation not permitted: failed to link package: neo-async@2.6.2 (link)
EPERM: Operation not permitted: failed to link package: fast-glob@3.3.3 (link)
EPERM: Operation not permitted: failed to link package: type-fest@4.41.0 (link)
EPERM: Operation not permitted: failed to link package: @nodelib/fs.stat@2.0.5 (link)
EPERM: Operation not permitted: failed to link package: reusify@1.1.0 (link)
EPERM: Operation not permitted: failed to link package: punycode@2.3.1 (link)
EPERM: Operation not permitted: failed to link package: espree@9.6.1 (link)
EPERM: Operation not permitted: failed to link package: find-up@5.0.0 (link)
EPERM: Operation not permitted: failed to link package: shebang-regex@3.0.0 (link)
EPERM: Operation not permitted: failed to link package: color-convert@2.0.1 (link)
EPERM: Operation not permitted: failed to link package: isexe@2.0.0 (link)
EPERM: Operation not permitted: failed to link package: has-flag@4.0.0 (link)
EPERM: Operation not permitted: failed to link package: keyv@4.5.4 (link)
EPERM: Operation not permitted: failed to link package: flatted@3.3.3 (link)
EPERM: Operation not permitted: failed to link package: rimraf@3.0.2 (link)
EPERM: Operation not permitted: failed to link package: p-locate@5.0.0 (link)
EPERM: Operation not permitted: failed to link package: concat-map@0.0.1 (link)
EPERM: Operation not permitted: failed to link package: ignore@5.3.2 (link)
EPERM: Operation not permitted: failed to link package: balanced-match@1.0.2 (link)
EPERM: Operation not permitted: failed to link package: @eslint-community/regexpp@4.12.1 (link)
EPERM: Operation not permitted: failed to link package: glob@7.2.3 (link)
EPERM: Operation not permitted: failed to link package: debug@4.4.3 (link)
EPERM: Operation not permitted: failed to link package: collect-v8-coverage@1.0.3 (link)
EPERM: Operation not permitted: failed to link package: istanbul-lib-coverage@3.2.2 (link)
EPERM: Operation not permitted: failed to link package: istanbul-lib-report@3.0.1 (link)
EPERM: Operation not permitted: failed to link package: istanbul-lib-instrument@6.0.3 (link)
EPERM: Operation not permitted: failed to link package: istanbul-lib-source-maps@4.0.1 (link)
EPERM: Operation not permitted: failed to link package: v8-to-istanbul@9.3.0 (link)
EPERM: Operation not permitted: failed to link package: string-length@4.0.2 (link)
EPERM: Operation not permitted: failed to link package: jest-worker@29.7.0 (link)
EPERM: Operation not permitted: failed to link package: @jridgewell/trace-mapping@0.3.31 (link)
EPERM: Operation not permitted: failed to link package: istanbul-reports@3.2.0 (link)
EPERM: Operation not permitted: failed to link package: write-file-atomic@4.0.2 (link)
EPERM: Operation not permitted: failed to link package: slash@3.0.0 (link)
EPERM: Operation not permitted: failed to link package: jest-matcher-utils@29.7.0 (link)
EPERM: Operation not permitted: failed to link package: undici-types@7.14.0 (link)
EPERM: Operation not permitted: failed to link package: acorn-jsx@5.3.2 (link)
EPERM: Operation not permitted: failed to link package: anymatch@3.1.3 (link)
EPERM: Operation not permitted: failed to link package: p-limit@3.1.0 (link)
EPERM: Operation not permitted: failed to link package: @jest/test-sequencer@29.7.0 (link)
EPERM: Operation not permitted: failed to link package: jest-environment-node@29.7.0 (link)
EPERM: Operation not permitted: failed to link package: babel-jest@29.7.0 (link)
EPERM: Operation not permitted: failed to link package: parse-json@5.2.0 (link)
EPERM: Operation not permitted: failed to link package: deepmerge@4.3.1 (link)
EPERM: Operation not permitted: failed to link package: @types/graceful-fs@4.1.9 (link)
EPERM: Operation not permitted: failed to link package: fb-watchman@2.0.2 (link)
EPERM: Operation not permitted: failed to link package: jest-pnp-resolver@1.2.3 (link)
EPERM: Operation not permitted: failed to link package: jest-circus@29.7.0 (link)
EPERM: Operation not permitted: failed to link package: resolve.exports@2.0.3 (link)
EPERM: Operation not permitted: failed to link package: emittery@0.13.1 (link)
EPERM: Operation not permitted: failed to link package: jest-leak-detector@29.7.0 (link)
EPERM: Operation not permitted: failed to link package: walker@1.0.8 (link)
EPERM: Operation not permitted: failed to link package: source-map-support@0.5.13 (link)
EPERM: Operation not permitted: failed to link package: @jest/environment@29.7.0 (link)
EPERM: Operation not permitted: failed to link package: jest-docblock@29.7.0 (link)
EPERM: Operation not permitted: failed to link package: @typescript-eslint/type-utils@7.18.0 (link)
EPERM: Operation not permitted: failed to link package: eslint@8.57.1 (link)
EPERM: Operation not permitted: failed to link package: resolve@1.22.10 (link)
EPERM: Operation not permitted: failed to link package: @jest/source-map@29.6.3 (link)
EPERM: Operation not permitted: failed to link package: source-map@0.6.1 (link)
EPERM: Operation not permitted: failed to link package: jest-mock@29.7.0 (link)
EPERM: Operation not permitted: failed to link package: strip-bom@4.0.0 (link)
EPERM: Operation not permitted: failed to link package: cjs-module-lexer@1.4.3 (link)
EPERM: Operation not permitted: failed to link package: @eslint/js@8.57.1 (link)
EPERM: Operation not permitted: failed to link package: @babel/plugin-syntax-typescript@7.27.1 (link)
EPERM: Operation not permitted: failed to link package: @babel/plugin-syntax-jsx@7.27.1 (link)
EPERM: Operation not permitted: failed to link package: @types/yargs-parser@21.0.3 (link)
EPERM: Operation not permitted: failed to link package: escalade@3.2.0 (link)
EPERM: Operation not permitted: failed to link package: string-width@4.2.3 (link)
EPERM: Operation not permitted: failed to link package: require-directory@2.1.1 (link)
EPERM: Operation not permitted: failed to link package: js-tokens@4.0.0 (link)
EPERM: Operation not permitted: failed to link package: @humanwhocodes/module-importer@1.0.1 (link)
EPERM: Operation not permitted: failed to link package: y18n@5.0.8 (link)
EPERM: Operation not permitted: failed to link package: to-regex-range@5.0.1 (link)
EPERM: Operation not permitted: failed to link package: diff-sequences@29.6.3 (link)
EPERM: Operation not permitted: failed to link package: @babel/helper-validator-identifier@7.27.1 (link)
EPERM: Operation not permitted: failed to link package: picocolors@1.1.1 (link)
EPERM: Operation not permitted: failed to link package: queue-microtask@1.2.3 (link)
EPERM: Operation not permitted: failed to link package: callsites@3.1.0 (link)
EPERM: Operation not permitted: failed to link package: path-type@4.0.0 (link)
EPERM: Operation not permitted: failed to link package: @jest/transform@29.7.0 (link)
EPERM: Operation not permitted: failed to link package: color-name@1.1.4 (link)
EPERM: Operation not permitted: failed to link package: escape-string-regexp@2.0.0 (link)
EPERM: Operation not permitted: failed to link package: json-buffer@3.0.1 (link)
EPERM: Operation not permitted: failed to link package: @jridgewell/resolve-uri@3.1.2 (link)
EPERM: Operation not permitted: failed to link package: exit@0.1.2 (link)
EPERM: Operation not permitted: failed to link package: type-fest@0.20.2 (link)
EPERM: Operation not permitted: failed to link package: graphemer@1.4.0 (link)
EPERM: Operation not permitted: failed to link package: fs.realpath@1.0.0 (link)
EPERM: Operation not permitted: failed to link package: get-caller-file@2.0.5 (link)
EPERM: Operation not permitted: failed to link package: inflight@1.0.6 (link)
EPERM: Operation not permitted: failed to link package: inherits@2.0.4 (link)
EPERM: Operation not permitted: failed to link package: @jridgewell/sourcemap-codec@1.5.5 (link)
EPERM: Operation not permitted: failed to link package: path-is-absolute@1.0.1 (link)
EPERM: Operation not permitted: failed to link package: @istanbuljs/schema@0.1.3 (link)
EPERM: Operation not permitted: failed to link package: yaml@2.8.1 (link)
EPERM: Operation not permitted: failed to link package: path-exists@4.0.0 (link)
EPERM: Operation not permitted: failed to link package: once@1.4.0 (link)
EPERM: Operation not permitted: failed to link package: merge-stream@2.0.0 (link)
EPERM: Operation not permitted: failed to link package: char-regex@1.0.2 (link)
EPERM: Operation not permitted: failed to link package: supports-color@8.1.1 (link)
EPERM: Operation not permitted: failed to link package: @typescript-eslint/scope-manager@7.18.0 (link)
EPERM: Operation not permitted: failed to link package: @babel/template@7.27.2 (link)
EPERM: Operation not permitted: failed to link package: signal-exit@3.0.7 (link)
EPERM: Operation not permitted: failed to link package: test-exclude@6.0.0 (link)
EPERM: Operation not permitted: failed to link package: @babel/helper-module-transforms@7.28.3 (link)
EPERM: Operation not permitted: failed to link package: @istanbuljs/load-nyc-config@1.1.0 (link)
EPERM: Operation not permitted: failed to link package: istanbul-lib-instrument@5.2.1 (link)
EPERM: Operation not permitted: failed to link package: get-stream@6.0.1 (link)
EPERM: Operation not permitted: failed to link package: is-stream@2.0.1 (link)
EPERM: Operation not permitted: failed to link package: execa@5.1.1 (link)
EPERM: Operation not permitted: failed to link package: human-signals@2.1.0 (link)
EPERM: Operation not permitted: failed to link package: json-schema-traverse@0.4.1 (link)
EPERM: Operation not permitted: failed to link package: npm-run-path@4.0.1 (link)
EPERM: Operation not permitted: failed to link package: @types/node@24.7.2 (link)
EPERM: Operation not permitted: failed to link package: yargs@17.7.2 (link)
EPERM: Operation not permitted: failed to link package: yocto-queue@0.1.0 (link)
EPERM: Operation not permitted: failed to link package: co@4.6.0 (link)
EPERM: Operation not permitted: failed to link package: babel-plugin-istanbul@6.1.1 (link)
EPERM: Operation not permitted: failed to link package: @jest/expect@29.7.0 (link)
EPERM: Operation not permitted: failed to link package: is-generator-fn@2.1.0 (link)
EPERM: Operation not permitted: failed to link package: json-parse-even-better-errors@2.3.1 (link)
EPERM: Operation not permitted: failed to link package: dedent@1.7.0 (link)
EPERM: Operation not permitted: failed to link package: error-ex@1.3.4 (link)
EPERM: Operation not permitted: failed to link package: jest-each@29.7.0 (link)
EPERM: Operation not permitted: failed to link package: lines-and-columns@1.2.4 (link)
EPERM: Operation not permitted: failed to link package: @babel/parser@7.28.4 (link)
EPERM: Operation not permitted: failed to link package: makeerror@1.0.12 (link)
EPERM: Operation not permitted: failed to link package: is-core-module@2.16.1 (link)
EPERM: Operation not permitted: failed to link package: @jest/globals@29.7.0 (link)
EPERM: Operation not permitted: failed to link package: pure-rand@6.1.0 (link)
EPERM: Operation not permitted: failed to link package: path-parse@1.0.7 (link)
EPERM: Operation not permitted: failed to link package: ajv@6.12.6 (link)
EPERM: Operation not permitted: failed to link package: supports-preserve-symlinks-flag@1.0.0 (link)
EPERM: Operation not permitted: failed to link package: cliui@8.0.1 (link)
EPERM: Operation not permitted: failed to link package: @types/istanbul-lib-report@3.0.3 (link)
EPERM: Operation not permitted: failed to link package: resolve-from@5.0.0 (link)
EPERM: Operation not permitted: failed to link package: @babel/helper-plugin-utils@7.27.1 (link)
EPERM: Operation not permitted: failed to link package: pirates@4.0.7 (link)
EPERM: Operation not permitted: failed to link package: detect-newline@3.1.0 (link)
EPERM: Operation not permitted: failed to link package: camelcase@6.3.0 (link)
EPERM: Operation not permitted: failed to link package: find-up@4.1.0 (link)
EPERM: Operation not permitted: failed to link package: buffer-from@1.1.2 (link)
EPERM: Operation not permitted: failed to link package: create-jest@29.7.0 (link)
EPERM: Operation not permitted: failed to link package: @sinonjs/fake-timers@10.3.0 (link)
EPERM: Operation not permitted: failed to link package: jsesc@3.1.0 (link)
EPERM: Operation not permitted: failed to link package: fill-range@7.1.1 (link)
EPERM: Operation not permitted: failed to link package: @babel/plugin-syntax-async-generators@7.8.4 (link)
EPERM: Operation not permitted: failed to link package: @babel/helper-string-parser@7.27.1 (link)
EPERM: Operation not permitted: failed to link package: bser@2.1.1 (link)
EPERM: Operation not permitted: failed to link package: @babel/plugin-syntax-bigint@7.8.3 (link)
EPERM: Operation not permitted: failed to link package: jest-haste-map@29.7.0 (link)
EPERM: Operation not permitted: failed to link package: @babel/plugin-syntax-class-properties@7.12.13 (link)
EPERM: Operation not permitted: failed to link package: @babel/plugin-syntax-import-attributes@7.27.1 (link)
EPERM: Operation not permitted: failed to link package: @babel/plugin-syntax-class-static-block@7.14.5 (link)
EPERM: Operation not permitted: failed to link package: @babel/plugin-syntax-import-meta@7.10.4 (link)
EPERM: Operation not permitted: failed to link package: @jridgewell/gen-mapping@0.3.13 (link)
EPERM: Operation not permitted: failed to link package: @babel/plugin-syntax-json-strings@7.8.3 (link)
EPERM: Operation not permitted: failed to link package: @babel/plugin-syntax-nullish-coalescing-operator@7.8.3 (link)
EPERM: Operation not permitted: failed to link package: @babel/plugin-syntax-logical-assignment-operators@7.10.4 (link)
EPERM: Operation not permitted: failed to link package: @babel/plugin-syntax-numeric-separator@7.10.4 (link)
EPERM: Operation not permitted: failed to link package: @babel/plugin-syntax-object-rest-spread@7.8.3 (link)
EPERM: Operation not permitted: failed to link package: estraverse@5.3.0 (link)
EPERM: Operation not permitted: failed to link package: @jest/fake-timers@29.7.0 (link)
EPERM: Operation not permitted: failed to link package: @babel/plugin-syntax-optional-catch-binding@7.8.3 (link)
EPERM: Operation not permitted: failed to link package: @babel/generator@7.28.3 (link)
EPERM: Operation not permitted: failed to link package: wordwrap@1.0.0 (link)
EPERM: Operation not permitted: failed to link package: @babel/plugin-syntax-private-property-in-object@7.14.5 (link)
EPERM: Operation not permitted: failed to link package: @babel/core@7.28.4 (link)
EPERM: Operation not permitted: failed to link package: kleur@3.0.3 (link)
EPERM: Operation not permitted: failed to link package: @babel/plugin-syntax-top-level-await@7.14.5 (link)
EPERM: Operation not permitted: failed to link package: locate-path@5.0.0 (link)
EPERM: Operation not permitted: failed to link package: @typescript-eslint/utils@7.18.0 (link)
EPERM: Operation not permitted: failed to link package: @babel/plugin-syntax-optional-chaining@7.8.3 (link)
EPERM: Operation not permitted: failed to link package: @eslint/eslintrc@2.1.4 (link)
EPERM: Operation not permitted: failed to link package: browserslist@4.26.3 (link)
EPERM: Operation not permitted: failed to link package: is-number@7.0.0 (link)
EPERM: Operation not permitted: failed to link package: emoji-regex@8.0.0 (link)
EPERM: Operation not permitted: failed to link package: sisteransi@1.0.5 (link)
EPERM: Operation not permitted: failed to link package: wrappy@1.0.2 (link)
EPERM: Operation not permitted: failed to link package: convert-source-map@2.0.0 (link)
EPERM: Operation not permitted: failed to link package: wrap-ansi@7.0.0 (link)
EPERM: Operation not permitted: failed to link package: lru-cache@5.1.1 (link)
EPERM: Operation not permitted: failed to link package: @babel/helper-validator-option@7.27.1 (link)
EPERM: Operation not permitted: failed to link package: @babel/compat-data@7.28.4 (link)
EPERM: Operation not permitted: failed to link package: camelcase@5.3.1 (link)
EPERM: Operation not permitted: failed to link package: html-escaper@2.0.2 (link)
EPERM: Operation not permitted: failed to link package: get-package-type@0.1.0 (link)
EPERM: Operation not permitted: failed to link package: @babel/helper-globals@7.28.0 (link)
EPERM: Operation not permitted: failed to link package: babel-preset-current-node-syntax@1.2.0 (link)
EPERM: Operation not permitted: failed to link package: babel-plugin-jest-hoist@29.6.3 (link)
EPERM: Operation not permitted: failed to link package: uglify-js@3.19.3 (link)
EPERM: Operation not permitted: failed to link package: strip-final-newline@2.0.0 (link)
EPERM: Operation not permitted: failed to link package: mimic-fn@2.1.0 (link)
EPERM: Operation not permitted: failed to link package: @babel/helper-module-imports@7.27.1 (link)
EPERM: Operation not permitted: failed to link package: p-locate@4.1.0 (link)
EPERM: Operation not permitted: failed to link package: @types/babel__template@7.4.4 (link)
EPERM: Operation not permitted: failed to link package: type-fest@0.21.3 (link)
EPERM: Operation not permitted: failed to link package: jest-diff@29.7.0 (link)
EPERM: Operation not permitted: failed to link package: @sinonjs/commons@3.0.1 (link)
EPERM: Operation not permitted: failed to link package: node-releases@2.0.25 (link)
EPERM: Operation not permitted: failed to link package: update-browserslist-db@1.1.3 (link)
EPERM: Operation not permitted: failed to link package: js-yaml@3.14.1 (link)
EPERM: Operation not permitted: failed to link package: gensync@1.0.0-beta.2 (link)
EPERM: Operation not permitted: failed to link package: yallist@3.1.1 (link)
EPERM: Operation not permitted: failed to link package: @babel/helpers@7.28.4 (link)
EPERM: Operation not permitted: failed to link package: make-dir@4.0.0 (link)
EPERM: Operation not permitted: failed to link package: type-detect@4.0.8 (link)
EPERM: Operation not permitted: failed to link package: is-fullwidth-code-point@3.0.0 (link)
EPERM: Operation not permitted: failed to link package: function-bind@1.1.2 (link)
EPERM: Operation not permitted: failed to link package: p-limit@2.3.0 (link)
EPERM: Operation not permitted: failed to link package: sprintf-js@1.0.3 (link)
EPERM: Operation not permitted: failed to link package: p-try@2.2.0 (link)
EPERM: Operation not permitted: failed to link package: babel-preset-jest@29.6.3 (link)
EPERM: Operation not permitted: failed to link package: @jridgewell/remapping@2.3.5 (link)
EPERM: Operation not permitted: failed to link package: jest-config@29.7.0 (link)
ENOENT: No such file or directory: failed to link package: jest-config@29.7.0 (link)
EPERM: Operation not permitted: failed to link package: electron-to-chromium@1.5.237 (link)
EPERM: Operation not permitted: failed to link package: esprima@4.0.1 (link)
EPERM: Operation not permitted: failed to link package: semver@6.3.1 (link)
EPERM: Operation not permitted: failed to link package: @types/babel__core@7.20.5 (link)
EPERM: Operation not permitted: failed to link package: flat-cache@3.2.0 (link)
EPERM: Operation not permitted: failed to link package: @bcoe/v8-coverage@0.2.3 (link)
EPERM: Operation not permitted: failed to link package: argparse@1.0.10 (link)
EPERM: Operation not permitted: failed to link package: is-arrayish@0.2.1 (link)
EPERM: Operation not permitted: failed to link package: leven@3.1.0 (link)
EPERM: Operation not permitted: failed to link package: @types/babel__generator@7.27.0 (link)
EPERM: Operation not permitted: failed to link package: node-int64@0.4.0 (link)
EPERM: Operation not permitted: failed to link package: tmpl@1.0.5 (link)
EPERM: Operation not permitted: failed to link package: hasown@2.0.2 (link)
EPERM: Operation not permitted: failed to link package: baseline-browser-mapping@2.8.16 (link)
EPERM: Operation not permitted: failed to link package: @babel/traverse@7.28.4 (link)
EPERM: Operation not permitted: failed to link package: @types/babel__traverse@7.28.0 (link)
EPERM: Operation not permitted: failed to link package: onetime@5.1.2 (link)
EPERM: Operation not permitted: failed to link package: prompts@2.4.2 (link)
EPERM: Operation not permitted: failed to link package: @babel/types@7.28.4 (link)
EPERM: Operation not permitted: failed to link package: typescript@5.9.3 (link)
EPERM: Operation not permitted: failed to link package: @eslint-community/eslint-utils@4.9.0 (link)
EPERM: Operation not permitted: failed to link package: handlebars@4.7.8 (link)
EPERM: Operation not permitted: failed to link package: @babel/helper-compilation-targets@7.27.2 (link)
EPERM: Operation not permitted: failed to link package: esquery@1.6.0 (link)
EPERM: Operation not permitted: failed to link package: caniuse-lite@1.0.30001750 (link)
EPERM: Operation not permitted: failed to link package: @typescript-eslint/eslint-plugin@7.18.0 (link)
Saved lockfile

10 packages installed [74.54s]
Failed to install 360 packages
